<?xml version="1.0" encoding="UTF-8"?>
<testng-results ignored="0" total="2" passed="2" failed="0" skipped="0">
  <reporter-output>
  </reporter-output>
  <suite started-at="2020-04-07T23:16:09 IST" name="Default suite" finished-at="2020-04-07T23:16:10 IST" duration-ms="1836">
    <groups>
    </groups>
    <test started-at="2020-04-07T23:16:09 IST" name="Default test" finished-at="2020-04-07T23:16:10 IST" duration-ms="1836">
      <class name="DataDriven">
        <test-method signature="post(java.lang.String, java.lang.String, java.lang.String, int)[pri:0, instance:DataDriven@3745e5c6]" started-at="2020-04-07T23:16:09 IST" name="post" data-provider="dataforPost" finished-at="2020-04-07T23:16:10 IST" duration-ms="1751" status="PASS">
          <params>
            <param index="0">
              <value>
                <![CDATA[khalisi]]>
              </value>
            </param>
            <param index="1">
              <value>
                <![CDATA[kkGeorge@gg.com]]>
              </value>
            </param>
            <param index="2">
              <value>
                <![CDATA[https://s3.amazonaws.com/uifaces/faces/twitter/mrmoiree/128.jpg]]>
              </value>
            </param>
            <param index="3">
              <value>
                <![CDATA[5]]>
              </value>
            </param>
          </params>
          <reporter-output>
          </reporter-output>
        </test-method> <!-- post -->
        <test-method signature="post(java.lang.String, java.lang.String, java.lang.String, int)[pri:0, instance:DataDriven@3745e5c6]" started-at="2020-04-07T23:16:10 IST" name="post" data-provider="dataforPost" finished-at="2020-04-07T23:16:10 IST" duration-ms="31" status="PASS">
          <params>
            <param index="0">
              <value>
                <![CDATA[sharryl]]>
              </value>
            </param>
            <param index="1">
              <value>
                <![CDATA[sssRachel@gg.com]]>
              </value>
            </param>
            <param index="2">
              <value>
                <![CDATA[https://s3.amazonaws.com/uifaces/faces/twitter/hebertialmeida/128.jpg]]>
              </value>
            </param>
            <param index="3">
              <value>
                <![CDATA[4]]>
              </value>
            </param>
          </params>
          <reporter-output>
          </reporter-output>
        </test-method> <!-- post -->
      </class> <!-- DataDriven -->
    </test> <!-- Default test -->
  </suite> <!-- Default suite -->
</testng-results>
